[22:17:24] Starting photo generation: 20 images
[22:17:24] [SKIP] wl02-1 already exists
[22:17:24] [SKIP] wl02-2 already exists
[22:18:43] Starting photo generation: 16 images
[22:18:43] OUT_DIR: /Volumes/Transcend/manga-studio/frontend/public/attractions
[22:18:43] [SKIP] wl02-1 already exists
[22:18:43] [SKIP] wl05-1 already exists
[22:18:43] [3/16] Generating wl05-2 (河坊街)...
[22:19:18]   -> Saved 343209 bytes -> wl05-2.jpg
[22:19:18]   Waiting 8.5s before next request...
[22:19:27] [SKIP] wl10-1 already exists
[22:19:27] [SKIP] wz01-1 already exists
[22:19:27] [SKIP] ot01-1 already exists
[22:19:27] [7/16] Generating ot01-2 (宋城千古情)...
[22:20:57]   Attempt 1 failed: <urlopen error _ssl.c:1063: The handshake operation timed out>, retry in 6s
[22:21:32]   -> Saved 394053 bytes -> ot01-2.jpg
[22:21:32]   Waiting 10.8s before next request...
[22:21:43] [8/16] Generating ot02-1 (京杭大運河)...
[22:22:21]   Attempt 1 failed: HTTP Error 403: Forbidden, retry in 7s
[22:23:00]   -> Saved 410165 bytes -> ot02-1.jpg
[22:23:00]   Waiting 11.1s before next request...
[22:23:11] [9/16] Generating ot02-2 (京杭大運河)...
[22:23:47]   -> Saved 419416 bytes -> ot02-2.jpg
[22:23:47]   Waiting 11.6s before next request...
[22:23:59] [10/16] Generating ot02-3 (京杭大運河)...
[22:24:37]   -> Saved 417587 bytes -> ot02-3.jpg
[22:24:37]   Waiting 11.2s before next request...
[22:24:48] [11/16] Generating ot03-1 (千島湖)...
[22:25:22]   -> Saved 345311 bytes -> ot03-1.jpg
[22:25:22]   Waiting 9.0s before next request...
[22:25:31] [12/16] Generating ot03-2 (千島湖)...
[22:25:55]   -> Saved 511970 bytes -> ot03-2.jpg
[22:25:55]   Waiting 8.8s before next request...
[22:26:04] [13/16] Generating ot03-3 (千島湖)...
